{
  "RSpec": {
    "coverage": {
      "/home/bgrod/sprint3/CAMAAR-Grupo-10/app/helpers/admin/dashboard_helper.rb": {
        "lines": [
          1,
          null
        ]
      },
      "/home/bgrod/sprint3/CAMAAR-Grupo-10/app/helpers/admin/form_templates_helper.rb": {
        "lines": [
          null,
          null,
          1,
          1,
          6,
          6,
          6,
          6,
          null,
          null,
          6,
          null,
          null,
          null,
          null
        ]
      },
      "/home/bgrod/sprint3/CAMAAR-Grupo-10/app/helpers/admin/users_helper.rb": {
        "lines": [
          1,
          null
        ]
      },
      "/home/bgrod/sprint3/CAMAAR-Grupo-10/app/helpers/application_helper.rb": {
        "lines": [
          1,
          null
        ]
      },
      "/home/bgrod/sprint3/CAMAAR-Grupo-10/app/helpers/home_helper.rb": {
        "lines": [
          1,
          null
        ]
      },
      "/home/bgrod/sprint3/CAMAAR-Grupo-10/app/models/class_member.rb": {
        "lines": [
          null,
          null,
          1,
          null,
          1,
          1,
          null,
          null,
          1,
          1
        ]
      },
      "/home/bgrod/sprint3/CAMAAR-Grupo-10/app/models/application_record.rb": {
        "lines": [
          1,
          1,
          null
        ]
      },
      "/home/bgrod/sprint3/CAMAAR-Grupo-10/app/models/form_answer.rb": {
        "lines": [
          null,
          null,
          1,
          1,
          1,
          null,
          1,
          1,
          1
        ]
      },
      "/home/bgrod/sprint3/CAMAAR-Grupo-10/app/models/form_response.rb": {
        "lines": [
          null,
          null,
          1,
          1,
          1,
          1,
          null,
          1,
          1,
          1,
          null,
          1,
          null,
          1,
          12,
          null,
          null,
          1,
          2,
          null,
          null,
          null,
          1,
          12,
          13,
          13,
          null,
          null,
          null,
          null,
          null,
          1,
          8,
          null
        ]
      },
      "/home/bgrod/sprint3/CAMAAR-Grupo-10/app/models/form.rb": {
        "lines": [
          null,
          null,
          1,
          1,
          1,
          1,
          null,
          1,
          1,
          1,
          null,
          1,
          null,
          null,
          1,
          null,
          null,
          1,
          8,
          null,
          null,
          null,
          1,
          10,
          null,
          null,
          1,
          null,
          1,
          108,
          null,
          null
        ]
      },
      "/home/bgrod/sprint3/CAMAAR-Grupo-10/app/models/form_template_field.rb": {
        "lines": [
          null,
          null,
          1,
          1,
          1,
          null,
          null,
          1,
          null,
          1,
          1,
          1,
          1,
          null,
          null,
          1,
          null,
          1,
          null,
          1,
          58,
          null,
          null
        ]
      },
      "/home/bgrod/sprint3/CAMAAR-Grupo-10/app/models/form_template.rb": {
        "lines": [
          null,
          null,
          1,
          1,
          1,
          1,
          null,
          1,
          1,
          1,
          null,
          1
        ]
      },
      "/home/bgrod/sprint3/CAMAAR-Grupo-10/app/models/klass.rb": {
        "lines": [
          null,
          null,
          1,
          null,
          1,
          1,
          1,
          null,
          null,
          1,
          1,
          1,
          null,
          null,
          2,
          null,
          null,
          1,
          15,
          null,
          null,
          1,
          3,
          null
        ]
      },
      "/home/bgrod/sprint3/CAMAAR-Grupo-10/app/models/user.rb": {
        "lines": [
          null,
          null,
          1,
          1,
          null,
          null,
          1,
          null,
          null,
          1,
          1,
          1,
          1,
          null,
          null,
          1,
          1,
          null,
          null,
          1,
          137,
          null,
          null,
          1,
          4,
          null,
          null,
          null,
          1,
          20,
          null,
          null,
          null,
          null,
          null,
          null,
          null,
          1,
          15,
          null,
          null
        ]
      },
      "/home/bgrod/sprint3/CAMAAR-Grupo-10/app/services/import_service.rb": {
        "lines": [
          null,
          null,
          1,
          1,
          null,
          1,
          25,
          25,
          25,
          null,
          null,
          null,
          1,
          25,
          null,
          21,
          24,
          null,
          null,
          21,
          null,
          4,
          null,
          null,
          1,
          null,
          1,
          25,
          null,
          3,
          null,
          1,
          null,
          null,
          1,
          24,
          null,
          null,
          24,
          null,
          24,
          null,
          0,
          null,
          null,
          1,
          24,
          null,
          24,
          23,
          23,
          23,
          null,
          null,
          null,
          1,
          24,
          null,
          20,
          35,
          null,
          null,
          null,
          1,
          35,
          null,
          32,
          32,
          null,
          null,
          3,
          null,
          null,
          1,
          35,
          null,
          35,
          5,
          null,
          null,
          null,
          30,
          null,
          30,
          null,
          null,
          null,
          null,
          null,
          null,
          null,
          null,
          null,
          null,
          null,
          30,
          27,
          null,
          3,
          null,
          null
        ]
      },
      "/home/bgrod/sprint3/CAMAAR-Grupo-10/app/controllers/application_controller.rb": {
        "lines": [
          1,
          null,
          1,
          null
        ]
      },
      "/home/bgrod/sprint3/CAMAAR-Grupo-10/app/controllers/admin/dashboard_controller.rb": {
        "lines": [
          null,
          null,
          1,
          1,
          1,
          1,
          null,
          1,
          1,
          1,
          1,
          null,
          null,
          1,
          null,
          1,
          1,
          null,
          null,
          null
        ]
      },
      "/home/bgrod/sprint3/CAMAAR-Grupo-10/app/controllers/home_controller.rb": {
        "lines": [
          null,
          null,
          1,
          1,
          null,
          1,
          6,
          2,
          null,
          4,
          4,
          null,
          null,
          null
        ]
      },
      "/home/bgrod/sprint3/CAMAAR-Grupo-10/app/controllers/admin/form_templates_controller.rb": {
        "lines": [
          null,
          null,
          1,
          1,
          1,
          1,
          1,
          null,
          1,
          4,
          null,
          null,
          1,
          null,
          null,
          1,
          2,
          2,
          null,
          null,
          1,
          7,
          null,
          7,
          4,
          null,
          3,
          null,
          null,
          null,
          1,
          null,
          4,
          null,
          null,
          1,
          6,
          4,
          null,
          2,
          null,
          null,
          null,
          1,
          3,
          3,
          null,
          null,
          1,
          null,
          1,
          18,
          null,
          null,
          1,
          13,
          null,
          null,
          null,
          null,
          null,
          1,
          32,
          null,
          null,
          null
        ]
      },
      "/home/bgrod/sprint3/CAMAAR-Grupo-10/app/controllers/admin/imports_controller.rb": {
        "lines": [
          null,
          null,
          1,
          1,
          1,
          1,
          null,
          1,
          4,
          4,
          null,
          null,
          1,
          19,
          2,
          2,
          null,
          null,
          17,
          null,
          null,
          17,
          2,
          2,
          null,
          null,
          null,
          15,
          15,
          null,
          15,
          13,
          null,
          13,
          1,
          2,
          1,
          null,
          12,
          null,
          null,
          2,
          null,
          null,
          null,
          1,
          null,
          1,
          24,
          null,
          null
        ]
      },
      "/home/bgrod/sprint3/CAMAAR-Grupo-10/app/controllers/admin/users_controller.rb": {
        "lines": [
          null,
          null,
          1,
          1,
          1,
          1,
          1,
          null,
          1,
          2,
          null,
          null,
          1,
          null,
          null,
          1,
          null,
          null,
          1,
          6,
          4,
          null,
          2,
          null,
          null,
          null,
          1,
          2,
          2,
          null,
          null,
          1,
          null,
          1,
          14,
          null,
          null,
          1,
          6,
          null,
          null,
          1,
          17,
          null,
          null,
          null
        ]
      },
      "/home/bgrod/sprint3/CAMAAR-Grupo-10/app/controllers/student/forms_controller.rb": {
        "lines": [
          null,
          null,
          1,
          1,
          1,
          1,
          1,
          1,
          null,
          1,
          3,
          3,
          null,
          null,
          1,
          2,
          2,
          null,
          null,
          1,
          5,
          null,
          5,
          4,
          4,
          4,
          4,
          null,
          null,
          5,
          null,
          null,
          5,
          4,
          4,
          null,
          null,
          null,
          1,
          5,
          null,
          5,
          1,
          1,
          null,
          null,
          4,
          3,
          null,
          1,
          null,
          null,
          null,
          1,
          null,
          1,
          15,
          null,
          null,
          1,
          19,
          null,
          null,
          1,
          14,
          2,
          null,
          null,
          null,
          1,
          4,
          4,
          null,
          null
        ]
      },
      "/home/bgrod/sprint3/CAMAAR-Grupo-10/app/controllers/admin/forms_controller.rb": {
        "lines": [
          null,
          null,
          1,
          1,
          1,
          1,
          1,
          1,
          null,
          1,
          3,
          null,
          null,
          1,
          3,
          3,
          null,
          null,
          1,
          2,
          2,
          2,
          null,
          null,
          1,
          4,
          3,
          null,
          3,
          null,
          null,
          null,
          null,
          null,
          null,
          null,
          null,
          3,
          3,
          null,
          0,
          0,
          0,
          null,
          null,
          null,
          1,
          3,
          3,
          null,
          null,
          1,
          6,
          4,
          null,
          2,
          2,
          2,
          null,
          null,
          null,
          1,
          3,
          3,
          null,
          null,
          1,
          3,
          3,
          null,
          0,
          null,
          null,
          null,
          1,
          3,
          3,
          null,
          0,
          null,
          null,
          null,
          1,
          null,
          null,
          null,
          1,
          null,
          1,
          24,
          null,
          null,
          1,
          2,
          null,
          null,
          1,
          22,
          null,
          null,
          1,
          34,
          null,
          null,
          null
        ]
      }
    },
    "timestamp": 1765832102
  }
}
